2025-11-15 15:14:29,299 | root | WARNING | data/ 目录下没有找到 Excel 文件
2025-11-15 15:22:43,829 | root | WARNING | data/ 目录下没有找到 Excel 文件
2025-11-15 16:38:11,690 | root | INFO | 发现 1个 Excel 文件：['Nigeria.xlsx']
2025-11-15 16:38:11,691 | root | INFO |  开始同步： E:\PycharmProjects\excel_to_mysql\data\Nigeria.xlsx → 表 'nigeria'
2025-11-15 16:38:11,922 | root | ERROR | ❌ Excel 预处理失败: E:\PycharmProjects\excel_to_mysql\data\Nigeria.xlsx -> Worksheet named 'sheet1' not found
2025-11-15 16:38:11,922 | root | WARNING |  跳过空文件： E:\PycharmProjects\excel_to_mysql\data\Nigeria.xlsx
2025-11-15 16:38:11,922 | root | INFO | ✅ 批量同步完成：0/1 个文件成功
2025-11-15 16:57:49,050 | root | INFO | 发现 1个 Excel 文件：['Nigeria.xlsx']
2025-11-15 16:57:49,051 | root | INFO |  开始同步： E:\PycharmProjects\excel_to_mysql\data\Nigeria.xlsx → 表 'nigeria'
2025-11-15 16:57:49,215 | root | ERROR | ❌ Excel 预处理失败: E:\PycharmProjects\excel_to_mysql\data\Nigeria.xlsx -> Worksheet named 'sheet1' not found
2025-11-15 16:57:49,215 | root | WARNING |  跳过空文件： E:\PycharmProjects\excel_to_mysql\data\Nigeria.xlsx
2025-11-15 16:57:49,215 | root | INFO | ✅ 批量同步完成：0/1 个文件成功
2025-11-17 14:13:44,932 | root | INFO | 发现 1个 Excel 文件：['Nigeria.xlsx']
2025-11-17 14:13:44,933 | root | INFO |  开始同步： E:\PycharmProjects\excel_to_mysql\data\Nigeria.xlsx → 表 'nigeria'
2025-11-17 14:13:45,220 | root | ERROR | ❌ Excel 预处理失败: E:\PycharmProjects\excel_to_mysql\data\Nigeria.xlsx -> Worksheet named 'sheet1' not found
2025-11-17 14:13:45,220 | root | WARNING |  跳过空文件： E:\PycharmProjects\excel_to_mysql\data\Nigeria.xlsx
2025-11-17 14:13:45,220 | root | INFO | ✅ 批量同步完成：0/1 个文件成功
2025-11-17 17:40:44,338 | root | INFO | 发现 1个 Excel 文件：['Nigeria.xlsx']
2025-11-17 17:40:44,338 | root | INFO |  开始处理文件：Nigeria.xlsx
2025-11-17 17:40:44,359 | root | INFO |  发现 1 个工作表：['Nigeria']
2025-11-17 17:40:48,412 | root | INFO | 金额列 'Revenue' 已处理 (Nigeria.xlsx/Nigeria)
2025-11-17 17:40:48,422 | root | INFO | ✅ Excel 预处理完成: Nigeria.xlsx/Nigeria -> 204904 行, 6 列
2025-11-17 17:40:48,448 | root | ERROR | ❌ MySQL 连接失败：'cryptography' package is required for sha256_password or caching_sha2_password auth methods
2025-11-17 17:40:48,449 | root | INFO | ✅ 批量同步完成：0 个工作表
2025-11-17 17:41:11,185 | root | INFO | 发现 1个 Excel 文件：['Nigeria.xlsx']
2025-11-17 17:41:11,185 | root | INFO |  开始处理文件：Nigeria.xlsx
2025-11-17 17:41:11,192 | root | INFO |  发现 1 个工作表：['Nigeria']
2025-11-17 17:41:15,019 | root | INFO | 金额列 'Revenue' 已处理 (Nigeria.xlsx/Nigeria)
2025-11-17 17:41:15,029 | root | INFO | ✅ Excel 预处理完成: Nigeria.xlsx/Nigeria -> 204904 行, 6 列
2025-11-17 17:41:15,034 | root | ERROR | ❌ MySQL 连接失败：'cryptography' package is required for sha256_password or caching_sha2_password auth methods
2025-11-17 17:41:15,035 | root | INFO | ✅ 批量同步完成：0 个工作表
2025-11-17 17:43:08,939 | root | INFO | 发现 1个 Excel 文件：['Nigeria.xlsx']
2025-11-17 17:43:08,939 | root | INFO |  开始处理文件：Nigeria.xlsx
2025-11-17 17:43:08,947 | root | INFO |  发现 1 个工作表：['Nigeria']
2025-11-17 17:43:12,794 | root | INFO | 金额列 'Revenue' 已处理 (Nigeria.xlsx/Nigeria)
2025-11-17 17:43:12,802 | root | INFO | ✅ Excel 预处理完成: Nigeria.xlsx/Nigeria -> 204904 行, 6 列
2025-11-17 17:43:12,825 | root | INFO | ✅ MySQL 连接成功
2025-11-17 17:43:12,848 | root | ERROR | ❌ 同步失败：nigeria - (1064, "You have an error in your SQL syntax; check the manual that corresponds to your MySQL server version for the right syntax to use near ''nigeria' ('id' INT AUTO_INCREMENT PRIMARY KEY, 'ProductID' BIGINT, 'Date' DATE,' at line 1")
Traceback (most recent call last):
  File "E:\PycharmProjects\excel_to_mysql\excel_to_mysql.py", line 156, in sync_dataframe_to_table
    create_table_with_auto_increment(conn, df, table_name)
    ~~~~~~~~~~~~~~~~~~~~~~~~~~~~~~~~^^^^^^^^^^^^^^^^^^^^^^
  File "E:\PycharmProjects\excel_to_mysql\excel_to_mysql.py", line 135, in create_table_with_auto_increment
    cursor.execute(create_sql)
    ~~~~~~~~~~~~~~^^^^^^^^^^^^
  File "E:\PycharmProjects\excel_to_mysql\.venv\Lib\site-packages\pymysql\cursors.py", line 153, in execute
    result = self._query(query)
  File "E:\PycharmProjects\excel_to_mysql\.venv\Lib\site-packages\pymysql\cursors.py", line 322, in _query
    conn.query(q)
    ~~~~~~~~~~^^^
  File "E:\PycharmProjects\excel_to_mysql\.venv\Lib\site-packages\pymysql\connections.py", line 575, in query
    self._affected_rows = self._read_query_result(unbuffered=unbuffered)
                          ~~~~~~~~~~~~~~~~~~~~~~~^^^^^^^^^^^^^^^^^^^^^^^
  File "E:\PycharmProjects\excel_to_mysql\.venv\Lib\site-packages\pymysql\connections.py", line 826, in _read_query_result
    result.read()
    ~~~~~~~~~~~^^
  File "E:\PycharmProjects\excel_to_mysql\.venv\Lib\site-packages\pymysql\connections.py", line 1203, in read
    first_packet = self.connection._read_packet()
  File "E:\PycharmProjects\excel_to_mysql\.venv\Lib\site-packages\pymysql\connections.py", line 782, in _read_packet
    packet.raise_for_error()
    ~~~~~~~~~~~~~~~~~~~~~~^^
  File "E:\PycharmProjects\excel_to_mysql\.venv\Lib\site-packages\pymysql\protocol.py", line 219, in raise_for_error
    err.raise_mysql_exception(self._data)
    ~~~~~~~~~~~~~~~~~~~~~~~~~^^^^^^^^^^^^
  File "E:\PycharmProjects\excel_to_mysql\.venv\Lib\site-packages\pymysql\err.py", line 150, in raise_mysql_exception
    raise errorclass(errno, errval)
pymysql.err.ProgrammingError: (1064, "You have an error in your SQL syntax; check the manual that corresponds to your MySQL server version for the right syntax to use near ''nigeria' ('id' INT AUTO_INCREMENT PRIMARY KEY, 'ProductID' BIGINT, 'Date' DATE,' at line 1")
2025-11-17 17:43:12,889 | root | INFO | ✅ 批量同步完成：0 个工作表
2025-11-18 13:59:27,869 | root | INFO | 发现 1个 Excel 文件：['Nigeria.xlsx']
2025-11-18 13:59:27,869 | root | INFO |  开始处理文件：Nigeria.xlsx
2025-11-18 13:59:27,902 | root | INFO |  发现 1 个工作表：['Nigeria']
2025-11-18 13:59:33,284 | root | INFO | 金额列 'Revenue' 已处理 (Nigeria.xlsx/Nigeria)
2025-11-18 13:59:33,296 | root | INFO | ✅ Excel 预处理完成: Nigeria.xlsx/Nigeria -> 204904 行, 6 列
2025-11-18 13:59:33,305 | root | INFO | ✅ MySQL 连接成功
2025-11-18 13:59:33,336 | root | ERROR | ❌ 同步失败：nigeria - (1064, "You have an error in your SQL syntax; check the manual that corresponds to your MySQL server version for the right syntax to use near ''nigeria' ('id' INT AUTO_INCREMENT PRIMARY KEY, 'ProductID' BIGINT, 'Date' DATE,' at line 1")
Traceback (most recent call last):
  File "E:\PycharmProjects\excel_to_mysql\excel_to_mysql.py", line 156, in sync_dataframe_to_table
    create_table_with_auto_increment(conn, df, table_name)
    ~~~~~~~~~~~~~~~~~~~~~~~~~~~~~~~~^^^^^^^^^^^^^^^^^^^^^^
  File "E:\PycharmProjects\excel_to_mysql\excel_to_mysql.py", line 135, in create_table_with_auto_increment
    cursor.execute(create_sql)
    ~~~~~~~~~~~~~~^^^^^^^^^^^^
  File "E:\PycharmProjects\excel_to_mysql\.venv\Lib\site-packages\pymysql\cursors.py", line 153, in execute
    result = self._query(query)
  File "E:\PycharmProjects\excel_to_mysql\.venv\Lib\site-packages\pymysql\cursors.py", line 322, in _query
    conn.query(q)
    ~~~~~~~~~~^^^
  File "E:\PycharmProjects\excel_to_mysql\.venv\Lib\site-packages\pymysql\connections.py", line 575, in query
    self._affected_rows = self._read_query_result(unbuffered=unbuffered)
                          ~~~~~~~~~~~~~~~~~~~~~~~^^^^^^^^^^^^^^^^^^^^^^^
  File "E:\PycharmProjects\excel_to_mysql\.venv\Lib\site-packages\pymysql\connections.py", line 826, in _read_query_result
    result.read()
    ~~~~~~~~~~~^^
  File "E:\PycharmProjects\excel_to_mysql\.venv\Lib\site-packages\pymysql\connections.py", line 1203, in read
    first_packet = self.connection._read_packet()
  File "E:\PycharmProjects\excel_to_mysql\.venv\Lib\site-packages\pymysql\connections.py", line 782, in _read_packet
    packet.raise_for_error()
    ~~~~~~~~~~~~~~~~~~~~~~^^
  File "E:\PycharmProjects\excel_to_mysql\.venv\Lib\site-packages\pymysql\protocol.py", line 219, in raise_for_error
    err.raise_mysql_exception(self._data)
    ~~~~~~~~~~~~~~~~~~~~~~~~~^^^^^^^^^^^^
  File "E:\PycharmProjects\excel_to_mysql\.venv\Lib\site-packages\pymysql\err.py", line 150, in raise_mysql_exception
    raise errorclass(errno, errval)
pymysql.err.ProgrammingError: (1064, "You have an error in your SQL syntax; check the manual that corresponds to your MySQL server version for the right syntax to use near ''nigeria' ('id' INT AUTO_INCREMENT PRIMARY KEY, 'ProductID' BIGINT, 'Date' DATE,' at line 1")
2025-11-18 13:59:33,407 | root | INFO | ✅ 批量同步完成：0 个工作表
2025-11-18 14:36:46,774 | root | INFO | 发现 2个 Excel 文件：['Germany.xlsx', 'Nigeria.xlsx']
2025-11-18 14:36:46,774 | root | INFO |  开始处理文件：Germany.xlsx
2025-11-18 14:36:46,782 | root | INFO |  发现 1 个工作表：['Germany']
2025-11-18 14:36:50,258 | root | INFO | 金额列 'Revenue' 已处理 (Germany.xlsx/Germany)
2025-11-18 14:36:50,267 | root | INFO | ✅ Excel 预处理完成: Germany.xlsx/Germany -> 137619 行, 6 列
2025-11-18 14:36:50,273 | root | INFO | ✅ MySQL 连接成功
2025-11-18 14:36:50,305 | root | ERROR | ❌ 处理文件失败：Germany.xlsx - (0, '')
Traceback (most recent call last):
  File "E:\PycharmProjects\excel_to_mysql\.venv\Lib\site-packages\pymysql\connections.py", line 789, in _read_bytes
    data = self._rfile.read(num_bytes)
  File "D:\Python\Lib\socket.py", line 719, in readinto
    return self._sock.recv_into(b)
           ~~~~~~~~~~~~~~~~~~~~^^^
ConnectionResetError: [WinError 10054] 远程主机强迫关闭了一个现有的连接。

During handling of the above exception, another exception occurred:

Traceback (most recent call last):
  File "E:\PycharmProjects\excel_to_mysql\excel_to_mysql.py", line 156, in sync_dataframe_to_table
    create_table_with_auto_increment(conn, df, table_name)
    ~~~~~~~~~~~~~~~~~~~~~~~~~~~~~~~~^^^^^^^^^^^^^^^^^^^^^^
  File "E:\PycharmProjects\excel_to_mysql\excel_to_mysql.py", line 135, in create_table_with_auto_increment
    cursor.execute(create_sql)
    ~~~~~~~~~~~~~~^^^^^^^^^^^^
  File "E:\PycharmProjects\excel_to_mysql\.venv\Lib\site-packages\pymysql\cursors.py", line 153, in execute
    result = self._query(query)
  File "E:\PycharmProjects\excel_to_mysql\.venv\Lib\site-packages\pymysql\cursors.py", line 322, in _query
    conn.query(q)
    ~~~~~~~~~~^^^
  File "E:\PycharmProjects\excel_to_mysql\.venv\Lib\site-packages\pymysql\connections.py", line 575, in query
    self._affected_rows = self._read_query_result(unbuffered=unbuffered)
                          ~~~~~~~~~~~~~~~~~~~~~~~^^^^^^^^^^^^^^^^^^^^^^^
  File "E:\PycharmProjects\excel_to_mysql\.venv\Lib\site-packages\pymysql\connections.py", line 826, in _read_query_result
    result.read()
    ~~~~~~~~~~~^^
  File "E:\PycharmProjects\excel_to_mysql\.venv\Lib\site-packages\pymysql\connections.py", line 1203, in read
    first_packet = self.connection._read_packet()
  File "E:\PycharmProjects\excel_to_mysql\.venv\Lib\site-packages\pymysql\connections.py", line 751, in _read_packet
    packet_header = self._read_bytes(4)
  File "E:\PycharmProjects\excel_to_mysql\.venv\Lib\site-packages\pymysql\connections.py", line 795, in _read_bytes
    raise err.OperationalError(
    ...<2 lines>...
    )
pymysql.err.OperationalError: (2013, 'Lost connection to MySQL server during query ([WinError 10054] 远程主机强迫关闭了一个现有的连接。)')

During handling of the above exception, another exception occurred:

Traceback (most recent call last):
  File "E:\PycharmProjects\excel_to_mysql\excel_to_mysql.py", line 218, in sync_single_excel_all_sheets
    if sync_dataframe_to_table(df, final_table_name):
       ~~~~~~~~~~~~~~~~~~~~~~~^^^^^^^^^^^^^^^^^^^^^^
  File "E:\PycharmProjects\excel_to_mysql\excel_to_mysql.py", line 178, in sync_dataframe_to_table
    conn.rollback()
    ~~~~~~~~~~~~~^^
  File "E:\PycharmProjects\excel_to_mysql\.venv\Lib\site-packages\pymysql\connections.py", line 504, in rollback
    self._execute_command(COMMAND.COM_QUERY, "ROLLBACK")
    ~~~~~~~~~~~~~~~~~~~~~^^^^^^^^^^^^^^^^^^^^^^^^^^^^^^^
  File "E:\PycharmProjects\excel_to_mysql\.venv\Lib\site-packages\pymysql\connections.py", line 844, in _execute_command
    raise err.InterfaceError(0, "")
pymysql.err.InterfaceError: (0, '')
2025-11-18 14:36:50,359 | root | INFO |  开始处理文件：Nigeria.xlsx
2025-11-18 14:36:50,382 | root | INFO |  发现 1 个工作表：['Nigeria']
2025-11-18 14:36:55,417 | root | INFO | 金额列 'Revenue' 已处理 (Nigeria.xlsx/Nigeria)
2025-11-18 14:36:55,426 | root | INFO | ✅ Excel 预处理完成: Nigeria.xlsx/Nigeria -> 204904 行, 6 列
2025-11-18 14:36:57,459 | root | ERROR | ❌ MySQL 连接失败：(2003, "Can't connect to MySQL server on '172.17.202.147' ([WinError 10061] 由于目标计算机积极拒绝，无法连接。)")
2025-11-18 14:36:57,460 | root | INFO | ✅ 批量同步完成：0 个工作表
2025-11-18 14:38:05,592 | root | INFO | 发现 2个 Excel 文件：['Germany.xlsx', 'Nigeria.xlsx']
2025-11-18 14:38:05,592 | root | INFO |  开始处理文件：Germany.xlsx
2025-11-18 14:38:05,600 | root | INFO |  发现 1 个工作表：['Germany']
2025-11-18 14:38:08,624 | root | INFO | 金额列 'Revenue' 已处理 (Germany.xlsx/Germany)
2025-11-18 14:38:08,635 | root | INFO | ✅ Excel 预处理完成: Germany.xlsx/Germany -> 137619 行, 6 列
2025-11-18 14:38:08,670 | root | INFO | ✅ MySQL 连接成功
2025-11-18 14:38:08,711 | root | INFO | ✅ 表 `germany` 已创建（带自增主键）
2025-11-18 14:38:09,042 | root | ERROR | ❌ 同步失败：`germany` - 'Connection' object has no attribute 'curosr'
Traceback (most recent call last):
  File "E:\PycharmProjects\excel_to_mysql\excel_to_mysql.py", line 167, in sync_dataframe_to_table
    with conn.curosr() as cursor:
         ^^^^^^^^^^^
AttributeError: 'Connection' object has no attribute 'curosr'. Did you mean: 'cursor'?
2025-11-18 14:38:09,056 | root | INFO |  开始处理文件：Nigeria.xlsx
2025-11-18 14:38:09,063 | root | INFO |  发现 1 个工作表：['Nigeria']
2025-11-18 14:38:14,153 | root | INFO | 金额列 'Revenue' 已处理 (Nigeria.xlsx/Nigeria)
2025-11-18 14:38:14,163 | root | INFO | ✅ Excel 预处理完成: Nigeria.xlsx/Nigeria -> 204904 行, 6 列
2025-11-18 14:38:14,180 | root | INFO | ✅ MySQL 连接成功
2025-11-18 14:38:14,241 | root | INFO | ✅ 表 `nigeria` 已创建（带自增主键）
2025-11-18 14:38:14,706 | root | ERROR | ❌ 同步失败：`nigeria` - 'Connection' object has no attribute 'curosr'
Traceback (most recent call last):
  File "E:\PycharmProjects\excel_to_mysql\excel_to_mysql.py", line 167, in sync_dataframe_to_table
    with conn.curosr() as cursor:
         ^^^^^^^^^^^
AttributeError: 'Connection' object has no attribute 'curosr'. Did you mean: 'cursor'?
2025-11-18 14:38:14,733 | root | INFO | ✅ 批量同步完成：0 个工作表
2025-11-19 13:40:00,061 | root | INFO | 发现 2个 Excel 文件：['Germany.xlsx', 'Nigeria.xlsx']
2025-11-19 13:40:00,061 | root | INFO |  开始处理文件：Germany.xlsx
2025-11-19 13:40:00,402 | root | INFO |  发现 1 个工作表：['Germany']
2025-11-19 13:40:03,988 | root | INFO | 金额列 'Revenue' 已处理 (Germany.xlsx/Germany)
2025-11-19 13:40:04,001 | root | INFO | ✅ Excel 预处理完成: Germany.xlsx/Germany -> 137619 行, 6 列
2025-11-19 13:40:04,025 | root | INFO | ✅ MySQL 连接成功
2025-11-19 13:40:07,463 | root | ERROR | ❌ 处理文件失败：Germany.xlsx - (0, '')
Traceback (most recent call last):
  File "E:\PycharmProjects\excel_to_mysql\.venv\Lib\site-packages\pymysql\connections.py", line 789, in _read_bytes
    data = self._rfile.read(num_bytes)
  File "D:\Python\Lib\socket.py", line 719, in readinto
    return self._sock.recv_into(b)
           ~~~~~~~~~~~~~~~~~~~~^^^
ConnectionResetError: [WinError 10054] 远程主机强迫关闭了一个现有的连接。

During handling of the above exception, another exception occurred:

Traceback (most recent call last):
  File "E:\PycharmProjects\excel_to_mysql\excel_to_mysql.py", line 170, in sync_dataframe_to_table
    create_table_with_auto_increment(conn, df, table_name)
    ~~~~~~~~~~~~~~~~~~~~~~~~~~~~~~~~^^^^^^^^^^^^^^^^^^^^^^
  File "E:\PycharmProjects\excel_to_mysql\excel_to_mysql.py", line 147, in create_table_with_auto_increment
    cursor.execute(create_sql)
    ~~~~~~~~~~~~~~^^^^^^^^^^^^
  File "E:\PycharmProjects\excel_to_mysql\.venv\Lib\site-packages\pymysql\cursors.py", line 153, in execute
    result = self._query(query)
  File "E:\PycharmProjects\excel_to_mysql\.venv\Lib\site-packages\pymysql\cursors.py", line 322, in _query
    conn.query(q)
    ~~~~~~~~~~^^^
  File "E:\PycharmProjects\excel_to_mysql\.venv\Lib\site-packages\pymysql\connections.py", line 575, in query
    self._affected_rows = self._read_query_result(unbuffered=unbuffered)
                          ~~~~~~~~~~~~~~~~~~~~~~~^^^^^^^^^^^^^^^^^^^^^^^
  File "E:\PycharmProjects\excel_to_mysql\.venv\Lib\site-packages\pymysql\connections.py", line 826, in _read_query_result
    result.read()
    ~~~~~~~~~~~^^
  File "E:\PycharmProjects\excel_to_mysql\.venv\Lib\site-packages\pymysql\connections.py", line 1203, in read
    first_packet = self.connection._read_packet()
  File "E:\PycharmProjects\excel_to_mysql\.venv\Lib\site-packages\pymysql\connections.py", line 751, in _read_packet
    packet_header = self._read_bytes(4)
  File "E:\PycharmProjects\excel_to_mysql\.venv\Lib\site-packages\pymysql\connections.py", line 795, in _read_bytes
    raise err.OperationalError(
    ...<2 lines>...
    )
pymysql.err.OperationalError: (2013, 'Lost connection to MySQL server during query ([WinError 10054] 远程主机强迫关闭了一个现有的连接。)')

During handling of the above exception, another exception occurred:

Traceback (most recent call last):
  File "E:\PycharmProjects\excel_to_mysql\excel_to_mysql.py", line 247, in sync_single_excel_all_sheets
    if sync_dataframe_to_table(df, final_table_name):
       ~~~~~~~~~~~~~~~~~~~~~~~^^^^^^^^^^^^^^^^^^^^^^
  File "E:\PycharmProjects\excel_to_mysql\excel_to_mysql.py", line 194, in sync_dataframe_to_table
    conn.rollback()
    ~~~~~~~~~~~~~^^
  File "E:\PycharmProjects\excel_to_mysql\.venv\Lib\site-packages\pymysql\connections.py", line 504, in rollback
    self._execute_command(COMMAND.COM_QUERY, "ROLLBACK")
    ~~~~~~~~~~~~~~~~~~~~~^^^^^^^^^^^^^^^^^^^^^^^^^^^^^^^
  File "E:\PycharmProjects\excel_to_mysql\.venv\Lib\site-packages\pymysql\connections.py", line 844, in _execute_command
    raise err.InterfaceError(0, "")
pymysql.err.InterfaceError: (0, '')
2025-11-19 13:40:07,551 | root | INFO |  开始处理文件：Nigeria.xlsx
2025-11-19 13:40:07,625 | root | INFO |  发现 1 个工作表：['Nigeria']
2025-11-19 13:40:13,008 | root | INFO | 金额列 'Revenue' 已处理 (Nigeria.xlsx/Nigeria)
2025-11-19 13:40:13,021 | root | INFO | ✅ Excel 预处理完成: Nigeria.xlsx/Nigeria -> 204904 行, 6 列
2025-11-19 13:40:15,056 | root | ERROR | ❌ MySQL 连接失败：(2003, "Can't connect to MySQL server on '172.17.202.147' ([WinError 10061] 由于目标计算机积极拒绝，无法连接。)")
2025-11-19 13:40:15,057 | root | INFO | ✅ 批量同步完成：共处理 2 个文件，成功同步0 个工作表
2025-11-19 13:42:25,401 | root | INFO | 发现 2个 Excel 文件：['Germany.xlsx', 'Nigeria.xlsx']
2025-11-19 13:42:25,401 | root | INFO |  开始处理文件：Germany.xlsx
2025-11-19 13:42:25,588 | root | INFO |  发现 1 个工作表：['Germany']
2025-11-19 13:42:29,031 | root | INFO | 金额列 'Revenue' 已处理 (Germany.xlsx/Germany)
2025-11-19 13:42:29,041 | root | INFO | ✅ Excel 预处理完成: Germany.xlsx/Germany -> 137619 行, 6 列
2025-11-19 13:42:29,091 | root | INFO | ✅ MySQL 连接成功
2025-11-19 13:42:29,133 | root | INFO | ✅ 表 `germany` 已创建（带自增主键）
2025-11-19 13:42:31,941 | root | INFO | ✅ 同步成功：表 `germany` ← 137619 行
2025-11-19 13:42:31,958 | root | INFO |  开始处理文件：Nigeria.xlsx
2025-11-19 13:42:31,965 | root | INFO |  发现 1 个工作表：['Nigeria']
2025-11-19 13:42:37,256 | root | INFO | 金额列 'Revenue' 已处理 (Nigeria.xlsx/Nigeria)
2025-11-19 13:42:37,266 | root | INFO | ✅ Excel 预处理完成: Nigeria.xlsx/Nigeria -> 204904 行, 6 列
2025-11-19 13:42:37,292 | root | INFO | ✅ MySQL 连接成功
2025-11-19 13:42:37,344 | root | INFO | ✅ 表 `nigeria` 已创建（带自增主键）
2025-11-19 13:42:40,674 | root | INFO | ✅ 同步成功：表 `nigeria` ← 204904 行
2025-11-19 13:42:40,696 | root | INFO | ✅ 批量同步完成：共处理 2 个文件，成功同步2 个工作表
2025-11-19 13:53:28,112 | root | INFO | 发现 2个 Excel 文件：['Germany.xlsx', 'Nigeria.xlsx']
2025-11-19 13:53:28,113 | root | INFO |  开始处理文件：Germany.xlsx
2025-11-19 13:53:28,295 | root | INFO |  发现 1 个工作表：['Germany']
2025-11-19 13:53:31,648 | root | INFO | 金额列 'Revenue' 已处理 (Germany.xlsx/Germany)
2025-11-19 13:53:31,655 | root | INFO | ✅ Excel 预处理完成: Germany.xlsx/Germany -> 137619 行, 6 列
2025-11-19 13:53:31,662 | root | INFO | ✅ MySQL 连接成功
2025-11-19 13:53:31,688 | root | INFO | ✅ 表 `germany` 已创建（带自增主键）
2025-11-19 13:53:34,358 | root | INFO | ✅ 同步成功：表 `germany` ← 137619 行
2025-11-19 13:53:34,391 | root | INFO |  开始处理文件：Nigeria.xlsx
2025-11-19 13:53:34,399 | root | INFO |  发现 1 个工作表：['Nigeria']
2025-11-19 13:53:39,884 | root | INFO | 金额列 'Revenue' 已处理 (Nigeria.xlsx/Nigeria)
2025-11-19 13:53:39,894 | root | INFO | ✅ Excel 预处理完成: Nigeria.xlsx/Nigeria -> 204905 行, 6 列
2025-11-19 13:53:39,899 | root | INFO | ✅ MySQL 连接成功
2025-11-19 13:53:39,940 | root | INFO | ✅ 表 `nigeria` 已创建（带自增主键）
2025-11-19 13:53:44,187 | root | INFO | ✅ 同步成功：表 `nigeria` ← 204905 行
2025-11-19 13:53:44,228 | root | INFO | ✅ 批量同步完成：共处理 2 个文件，成功同步2 个工作表
2025-11-19 13:57:06,991 | root | INFO | 发现 2个 Excel 文件：['Germany.xlsx', 'Nigeria.xlsx']
2025-11-19 13:57:06,991 | root | INFO |  开始处理文件：Germany.xlsx
2025-11-19 13:57:07,176 | root | INFO |  发现 1 个工作表：['Germany']
2025-11-19 13:57:10,429 | root | INFO | 金额列 'Revenue' 已处理 (Germany.xlsx/Germany)
2025-11-19 13:57:10,436 | root | INFO | ✅ Excel 预处理完成: Germany.xlsx/Germany -> 137619 行, 6 列
2025-11-19 13:57:10,443 | root | INFO | ✅ MySQL 连接成功
2025-11-19 13:57:10,472 | root | INFO | ✅ 表 `germany` 已创建（带自增主键）
2025-11-19 13:57:13,000 | root | INFO | ✅ 同步成功：表 `germany` ← 137619 行
2025-11-19 13:57:13,020 | root | INFO |  开始处理文件：Nigeria.xlsx
2025-11-19 13:57:13,027 | root | INFO |  发现 1 个工作表：['Nigeria']
2025-11-19 13:57:17,780 | root | INFO | 金额列 'Revenue' 已处理 (Nigeria.xlsx/Nigeria)
2025-11-19 13:57:17,789 | root | INFO | ✅ Excel 预处理完成: Nigeria.xlsx/Nigeria -> 204905 行, 6 列
2025-11-19 13:57:17,809 | root | INFO | ✅ MySQL 连接成功
2025-11-19 13:57:17,839 | root | INFO | ✅ 表 `nigeria` 已创建（带自增主键）
2025-11-19 13:57:20,981 | root | INFO | ✅ 同步成功：表 `nigeria` ← 204905 行
2025-11-19 13:57:21,001 | root | INFO | ✅ 批量同步完成：共处理 2 个文件，成功同步2 个工作表
2025-11-19 14:02:24,709 | root | INFO | 发现 2个 Excel 文件：['Germany.xlsx', 'Nigeria.xlsx']
2025-11-19 14:02:24,709 | root | INFO |  开始处理文件：Germany.xlsx
2025-11-19 14:02:24,863 | root | INFO |  发现 1 个工作表：['Germany']
2025-11-19 14:02:28,122 | root | INFO | 金额列 'Revenue' 已处理 (Germany.xlsx/Germany)
2025-11-19 14:02:28,132 | root | INFO | ✅ Excel 预处理完成: Germany.xlsx/Germany -> 137619 行, 6 列
2025-11-19 14:02:28,139 | root | INFO | ✅ MySQL 连接成功
2025-11-19 14:02:28,171 | root | INFO | ✅ 表 `germany` 已创建（带自增主键）
2025-11-19 14:02:31,009 | root | INFO | ✅ 同步成功：表 `germany` ← 137619 行
2025-11-19 14:02:31,029 | root | INFO |  开始处理文件：Nigeria.xlsx
2025-11-19 14:02:31,038 | root | INFO |  发现 1 个工作表：['Nigeria']
2025-11-19 14:02:36,565 | root | INFO | 金额列 'Revenue' 已处理 (Nigeria.xlsx/Nigeria)
2025-11-19 14:02:36,574 | root | INFO | ✅ Excel 预处理完成: Nigeria.xlsx/Nigeria -> 204906 行, 6 列
2025-11-19 14:02:36,601 | root | INFO | ✅ MySQL 连接成功
2025-11-19 14:02:36,631 | root | INFO | ✅ 表 `nigeria` 已创建（带自增主键）
2025-11-19 14:02:39,848 | root | INFO | ✅ 同步成功：表 `nigeria` ← 204906 行
2025-11-19 14:02:39,875 | root | INFO | ✅ 批量同步完成：共处理 2 个文件，成功同步2 个工作表
2025-11-19 14:06:30,109 | root | INFO | 发现 3个 Excel 文件：['Germany.xlsx', 'Nigeria.xlsx', '~$Nigeria.xlsx']
2025-11-19 14:06:30,109 | root | INFO |  开始处理文件：Germany.xlsx
2025-11-19 14:06:30,272 | root | INFO |  发现 1 个工作表：['Germany']
2025-11-19 14:06:33,523 | root | INFO | 金额列 'Revenue' 已处理 (Germany.xlsx/Germany)
2025-11-19 14:06:33,530 | root | INFO | ✅ Excel 预处理完成: Germany.xlsx/Germany -> 137619 行, 6 列
2025-11-19 14:06:33,536 | root | INFO | ✅ MySQL 连接成功
2025-11-19 14:06:33,561 | root | INFO | ✅ 表 `germany` 已创建（带自增主键）
2025-11-19 14:06:36,186 | root | INFO | ✅ 同步成功：表 `germany` ← 137619 行
2025-11-19 14:06:36,206 | root | INFO |  开始处理文件：Nigeria.xlsx
2025-11-19 14:06:36,213 | root | INFO |  发现 1 个工作表：['Nigeria']
2025-11-19 14:06:42,244 | root | INFO | 金额列 'Revenue' 已处理 (Nigeria.xlsx/Nigeria)
2025-11-19 14:06:42,261 | root | INFO | ✅ Excel 预处理完成: Nigeria.xlsx/Nigeria -> 204905 行, 6 列
2025-11-19 14:06:42,291 | root | INFO | ✅ MySQL 连接成功
2025-11-19 14:06:42,345 | root | INFO | ✅ 表 `nigeria` 已创建（带自增主键）
2025-11-19 14:06:46,669 | root | INFO | ✅ 同步成功：表 `nigeria` ← 204905 行
2025-11-19 14:06:46,698 | root | INFO |  开始处理文件：~$Nigeria.xlsx
2025-11-19 14:06:46,699 | root | ERROR | ❌ 处理文件失败：~$Nigeria.xlsx - [Errno 13] Permission denied: 'E:\\PycharmProjects\\excel_to_mysql\\data\\~$Nigeria.xlsx'
Traceback (most recent call last):
  File "E:\PycharmProjects\excel_to_mysql\excel_to_mysql.py", line 211, in sync_single_excel_all_sheets
    excel_file = pd.ExcelFile(file_path, engine='openpyxl')
  File "E:\PycharmProjects\excel_to_mysql\.venv\Lib\site-packages\pandas\io\excel\_base.py", line 1567, in __init__
    self._reader = self._engines[engine](
                   ~~~~~~~~~~~~~~~~~~~~~^
        self._io,
        ^^^^^^^^^
        storage_options=storage_options,
        ^^^^^^^^^^^^^^^^^^^^^^^^^^^^^^^^
        engine_kwargs=engine_kwargs,
        ^^^^^^^^^^^^^^^^^^^^^^^^^^^^
    )
    ^
  File "E:\PycharmProjects\excel_to_mysql\.venv\Lib\site-packages\pandas\io\excel\_openpyxl.py", line 553, in __init__
    super().__init__(
    ~~~~~~~~~~~~~~~~^
        filepath_or_buffer,
        ^^^^^^^^^^^^^^^^^^^
        storage_options=storage_options,
        ^^^^^^^^^^^^^^^^^^^^^^^^^^^^^^^^
        engine_kwargs=engine_kwargs,
        ^^^^^^^^^^^^^^^^^^^^^^^^^^^^
    )
    ^
  File "E:\PycharmProjects\excel_to_mysql\.venv\Lib\site-packages\pandas\io\excel\_base.py", line 563, in __init__
    self.handles = get_handle(
                   ~~~~~~~~~~^
        filepath_or_buffer, "rb", storage_options=storage_options, is_text=False
        ^^^^^^^^^^^^^^^^^^^^^^^^^^^^^^^^^^^^^^^^^^^^^^^^^^^^^^^^^^^^^^^^^^^^^^^^
    )
    ^
  File "E:\PycharmProjects\excel_to_mysql\.venv\Lib\site-packages\pandas\io\common.py", line 882, in get_handle
    handle = open(handle, ioargs.mode)
PermissionError: [Errno 13] Permission denied: 'E:\\PycharmProjects\\excel_to_mysql\\data\\~$Nigeria.xlsx'
2025-11-19 14:06:46,761 | root | INFO | ✅ 批量同步完成：共处理 3 个文件，成功同步2 个工作表
2025-11-19 14:08:03,800 | root | INFO | 发现 3个 Excel 文件：['Germany.xlsx', 'Nigeria.xlsx', '~$Nigeria.xlsx']
2025-11-19 14:08:03,800 | root | INFO |  开始处理文件：Germany.xlsx
2025-11-19 14:08:03,984 | root | INFO |  发现 1 个工作表：['Germany']
2025-11-19 14:08:07,358 | root | INFO | 金额列 'Revenue' 已处理 (Germany.xlsx/Germany)
2025-11-19 14:08:07,363 | root | INFO | ✅ Excel 预处理完成: Germany.xlsx/Germany -> 137619 行, 6 列
2025-11-19 14:08:07,388 | root | INFO | ✅ MySQL 连接成功
2025-11-19 14:08:07,435 | root | INFO | ✅ 表 `germany` 已创建（带自增主键）
2025-11-19 14:08:10,383 | root | INFO | ✅ 同步成功：表 `germany` ← 137619 行
2025-11-19 14:08:10,404 | root | INFO |  开始处理文件：Nigeria.xlsx
2025-11-19 14:08:10,413 | root | INFO |  发现 1 个工作表：['Nigeria']
2025-11-19 14:08:16,176 | root | INFO | 金额列 'Revenue' 已处理 (Nigeria.xlsx/Nigeria)
2025-11-19 14:08:16,187 | root | INFO | ✅ Excel 预处理完成: Nigeria.xlsx/Nigeria -> 204905 行, 6 列
2025-11-19 14:08:16,191 | root | INFO | ✅ MySQL 连接成功
2025-11-19 14:08:16,253 | root | INFO | ✅ 表 `nigeria` 已创建（带自增主键）
2025-11-19 14:08:19,800 | root | INFO | ✅ 同步成功：表 `nigeria` ← 204905 行
2025-11-19 14:08:19,823 | root | INFO |  开始处理文件：~$Nigeria.xlsx
2025-11-19 14:08:19,824 | root | ERROR | ❌ 处理文件失败：~$Nigeria.xlsx - [Errno 13] Permission denied: 'E:\\PycharmProjects\\excel_to_mysql\\data\\~$Nigeria.xlsx'
Traceback (most recent call last):
  File "E:\PycharmProjects\excel_to_mysql\excel_to_mysql.py", line 211, in sync_single_excel_all_sheets
    excel_file = pd.ExcelFile(file_path, engine='openpyxl')
  File "E:\PycharmProjects\excel_to_mysql\.venv\Lib\site-packages\pandas\io\excel\_base.py", line 1567, in __init__
    self._reader = self._engines[engine](
                   ~~~~~~~~~~~~~~~~~~~~~^
        self._io,
        ^^^^^^^^^
        storage_options=storage_options,
        ^^^^^^^^^^^^^^^^^^^^^^^^^^^^^^^^
        engine_kwargs=engine_kwargs,
        ^^^^^^^^^^^^^^^^^^^^^^^^^^^^
    )
    ^
  File "E:\PycharmProjects\excel_to_mysql\.venv\Lib\site-packages\pandas\io\excel\_openpyxl.py", line 553, in __init__
    super().__init__(
    ~~~~~~~~~~~~~~~~^
        filepath_or_buffer,
        ^^^^^^^^^^^^^^^^^^^
        storage_options=storage_options,
        ^^^^^^^^^^^^^^^^^^^^^^^^^^^^^^^^
        engine_kwargs=engine_kwargs,
        ^^^^^^^^^^^^^^^^^^^^^^^^^^^^
    )
    ^
  File "E:\PycharmProjects\excel_to_mysql\.venv\Lib\site-packages\pandas\io\excel\_base.py", line 563, in __init__
    self.handles = get_handle(
                   ~~~~~~~~~~^
        filepath_or_buffer, "rb", storage_options=storage_options, is_text=False
        ^^^^^^^^^^^^^^^^^^^^^^^^^^^^^^^^^^^^^^^^^^^^^^^^^^^^^^^^^^^^^^^^^^^^^^^^
    )
    ^
  File "E:\PycharmProjects\excel_to_mysql\.venv\Lib\site-packages\pandas\io\common.py", line 882, in get_handle
    handle = open(handle, ioargs.mode)
PermissionError: [Errno 13] Permission denied: 'E:\\PycharmProjects\\excel_to_mysql\\data\\~$Nigeria.xlsx'
2025-11-19 14:08:19,826 | root | INFO | ✅ 批量同步完成：共处理 3 个文件，成功同步2 个工作表
2025-11-19 14:20:15,584 | root | INFO | 发现 3个 Excel 文件：['Germany.xlsx', 'Nigeria.xlsx', '~$Nigeria.xlsx']
2025-11-19 14:20:15,584 | root | INFO |  开始处理文件：Germany.xlsx
2025-11-19 14:20:15,774 | root | INFO |  发现 1 个工作表：['Germany']
2025-11-19 14:20:19,020 | root | INFO | 金额列 'Revenue' 已处理 (Germany.xlsx/Germany)
2025-11-19 14:20:19,030 | root | INFO | ✅ Excel 预处理完成: Germany.xlsx/Germany -> 137619 行, 6 列
2025-11-19 14:20:19,063 | root | INFO | ✅ MySQL 连接成功
2025-11-19 14:20:19,130 | root | INFO | ✅ 表 `germany` 已创建（带自增主键）
2025-11-19 14:20:22,014 | root | INFO | ✅ 同步成功：表 `germany` ← 137619 行
2025-11-19 14:20:22,031 | root | INFO |  开始处理文件：Nigeria.xlsx
2025-11-19 14:20:22,043 | root | INFO |  发现 1 个工作表：['Nigeria']
2025-11-19 14:20:28,048 | root | INFO | 金额列 'Revenue' 已处理 (Nigeria.xlsx/Nigeria)
2025-11-19 14:20:28,064 | root | INFO | ✅ Excel 预处理完成: Nigeria.xlsx/Nigeria -> 204905 行, 6 列
2025-11-19 14:20:28,068 | root | INFO | ✅ MySQL 连接成功
2025-11-19 14:20:28,138 | root | INFO | ✅ 表 `nigeria` 已创建（带自增主键）
2025-11-19 14:20:31,852 | root | INFO | ✅ 同步成功：表 `nigeria` ← 204905 行
2025-11-19 14:20:31,885 | root | INFO |  开始处理文件：~$Nigeria.xlsx
2025-11-19 14:20:31,887 | root | ERROR | ❌ 处理文件失败：~$Nigeria.xlsx - [Errno 13] Permission denied: 'E:\\PycharmProjects\\excel_to_mysql\\data\\~$Nigeria.xlsx'
Traceback (most recent call last):
  File "E:\PycharmProjects\excel_to_mysql\excel_to_mysql.py", line 211, in sync_single_excel_all_sheets
    excel_file = pd.ExcelFile(file_path, engine='openpyxl')
  File "E:\PycharmProjects\excel_to_mysql\.venv\Lib\site-packages\pandas\io\excel\_base.py", line 1567, in __init__
    self._reader = self._engines[engine](
                   ~~~~~~~~~~~~~~~~~~~~~^
        self._io,
        ^^^^^^^^^
        storage_options=storage_options,
        ^^^^^^^^^^^^^^^^^^^^^^^^^^^^^^^^
        engine_kwargs=engine_kwargs,
        ^^^^^^^^^^^^^^^^^^^^^^^^^^^^
    )
    ^
  File "E:\PycharmProjects\excel_to_mysql\.venv\Lib\site-packages\pandas\io\excel\_openpyxl.py", line 553, in __init__
    super().__init__(
    ~~~~~~~~~~~~~~~~^
        filepath_or_buffer,
        ^^^^^^^^^^^^^^^^^^^
        storage_options=storage_options,
        ^^^^^^^^^^^^^^^^^^^^^^^^^^^^^^^^
        engine_kwargs=engine_kwargs,
        ^^^^^^^^^^^^^^^^^^^^^^^^^^^^
    )
    ^
  File "E:\PycharmProjects\excel_to_mysql\.venv\Lib\site-packages\pandas\io\excel\_base.py", line 563, in __init__
    self.handles = get_handle(
                   ~~~~~~~~~~^
        filepath_or_buffer, "rb", storage_options=storage_options, is_text=False
        ^^^^^^^^^^^^^^^^^^^^^^^^^^^^^^^^^^^^^^^^^^^^^^^^^^^^^^^^^^^^^^^^^^^^^^^^
    )
    ^
  File "E:\PycharmProjects\excel_to_mysql\.venv\Lib\site-packages\pandas\io\common.py", line 882, in get_handle
    handle = open(handle, ioargs.mode)
PermissionError: [Errno 13] Permission denied: 'E:\\PycharmProjects\\excel_to_mysql\\data\\~$Nigeria.xlsx'
2025-11-19 14:20:31,890 | root | INFO | ✅ 批量同步完成：共处理 3 个文件，成功同步2 个工作表
2025-11-19 14:23:25,804 | root | INFO | 发现 2个 Excel 文件：['Germany.xlsx', 'Nigeria.xlsx']
2025-11-19 14:23:25,804 | root | INFO |  开始处理文件：Germany.xlsx
2025-11-19 14:23:25,982 | root | INFO |  发现 1 个工作表：['Germany']
2025-11-19 14:23:29,218 | root | INFO | 金额列 'Revenue' 已处理 (Germany.xlsx/Germany)
2025-11-19 14:23:29,226 | root | INFO | ✅ Excel 预处理完成: Germany.xlsx/Germany -> 137619 行, 6 列
2025-11-19 14:23:29,234 | root | INFO | ✅ MySQL 连接成功
2025-11-19 14:23:29,259 | root | INFO | ✅ 表 `germany` 已创建（带自增主键）
2025-11-19 14:23:32,326 | root | INFO | ✅ 同步成功：表 `germany` ← 137619 行
2025-11-19 14:23:32,343 | root | INFO |  开始处理文件：Nigeria.xlsx
2025-11-19 14:23:32,351 | root | INFO |  发现 1 个工作表：['Nigeria']
2025-11-19 14:23:37,757 | root | INFO | 金额列 'Revenue' 已处理 (Nigeria.xlsx/Nigeria)
2025-11-19 14:23:37,767 | root | INFO | ✅ Excel 预处理完成: Nigeria.xlsx/Nigeria -> 204905 行, 6 列
2025-11-19 14:23:37,771 | root | INFO | ✅ MySQL 连接成功
2025-11-19 14:23:37,804 | root | INFO | ✅ 表 `nigeria` 已创建（带自增主键）
2025-11-19 14:23:42,646 | root | INFO | ✅ 同步成功：表 `nigeria` ← 204905 行
2025-11-19 14:23:42,676 | root | INFO | ✅ 批量同步完成：共处理 2 个文件，成功同步2 个工作表
2025-11-19 14:25:16,809 | root | INFO | 发现 2个 Excel 文件：['Germany.xlsx', 'Nigeria.xlsx']
2025-11-19 14:25:16,810 | root | INFO |  开始处理文件：Germany.xlsx
2025-11-19 14:25:16,965 | root | INFO |  发现 1 个工作表：['Germany']
2025-11-19 14:25:20,193 | root | INFO | 金额列 'Revenue' 已处理 (Germany.xlsx/Germany)
2025-11-19 14:25:20,201 | root | INFO | ✅ Excel 预处理完成: Germany.xlsx/Germany -> 137619 行, 6 列
2025-11-19 14:25:20,211 | root | INFO | ✅ MySQL 连接成功
2025-11-19 14:25:20,239 | root | INFO | ✅ 表 `germany` 已创建（带自增主键）
2025-11-19 14:25:23,509 | root | INFO | ✅ 同步成功：表 `germany` ← 137619 行
2025-11-19 14:25:23,529 | root | INFO |  开始处理文件：Nigeria.xlsx
2025-11-19 14:25:23,537 | root | INFO |  发现 1 个工作表：['Nigeria']
2025-11-19 14:25:29,373 | root | INFO | 金额列 'Revenue' 已处理 (Nigeria.xlsx/Nigeria)
2025-11-19 14:25:29,384 | root | INFO | ✅ Excel 预处理完成: Nigeria.xlsx/Nigeria -> 204904 行, 6 列
2025-11-19 14:25:29,406 | root | INFO | ✅ MySQL 连接成功
2025-11-19 14:25:29,451 | root | INFO | ✅ 表 `nigeria` 已创建（带自增主键）
2025-11-19 14:25:34,053 | root | INFO | ✅ 同步成功：表 `nigeria` ← 204904 行
2025-11-19 14:25:34,074 | root | INFO | ✅ 批量同步完成：共处理 2 个文件，成功同步2 个工作表
2025-11-20 16:50:46,884 | root | INFO |  发现 3个文件：['Canada.csv', 'Germany.xlsx', 'Nigeria.xlsx']
2025-11-20 16:50:46,884 | root | INFO |  开始处理文件：Canada.csv
2025-11-20 16:50:47,712 | root | INFO | 日期列 'Date' 已转换 (Canada.csv)
2025-11-20 16:50:47,746 | root | INFO | 金额列 'Revenue' 已处理 (Canada.csv)
2025-11-20 16:50:47,798 | root | INFO | ✅ MySQL 连接成功
2025-11-20 16:50:48,227 | root | INFO | ✅ 表 `canada` 已重建 (主键: Key)
2025-11-20 16:51:02,334 | root | INFO | ✅ 同步成功：表 `canada` ← 1048575 行
2025-11-20 16:51:02,400 | root | INFO |  开始处理文件：Germany.xlsx
2025-11-20 16:51:14,662 | root | INFO | 金额列 'Revenue' 已处理 (Germany.xlsx/Germany)
2025-11-20 16:51:14,687 | root | INFO | ✅ MySQL 连接成功
2025-11-20 16:51:14,879 | root | INFO | ✅ 表 `germany` 已重建 (主键: Key)
2025-11-20 16:51:27,412 | root | INFO | ✅ 同步成功：表 `germany` ← 1048575 行
2025-11-20 16:51:27,517 | root | INFO |  开始处理文件：Nigeria.xlsx
2025-11-20 16:51:41,621 | root | INFO | 金额列 'Revenue' 已处理 (Nigeria.xlsx/Nigeria)
2025-11-20 16:51:41,629 | root | INFO | ✅ MySQL 连接成功
2025-11-20 16:51:41,839 | root | INFO | ✅ 表 `nigeria` 已重建 (主键: Key)
2025-11-20 16:51:55,023 | root | INFO | ✅ 同步成功：表 `nigeria` ← 1048574 行
2025-11-20 16:51:55,125 | root | INFO | ✅ 批量同步完成：共处理 3 个文件，成功同步3 个工作表
2025-11-20 17:03:17,530 | root | INFO |  发现 3个文件：['Canada.csv', 'Germany.xlsx', 'Nigeria.xlsx']
2025-11-20 17:03:17,530 | root | INFO |  开始处理文件：Canada.csv
2025-11-20 17:03:18,961 | root | INFO | 日期列 'Date' 已转换 (Canada.csv)
2025-11-20 17:03:19,655 | root | INFO | 金额列 'Revenue' 已处理 (Canada.csv)
2025-11-20 17:03:19,682 | root | INFO | ✅ MySQL 连接成功
2025-11-20 17:03:20,541 | root | INFO | ✅ 表 `canada` 已重建 (主键: Key)
2025-11-20 17:03:33,318 | root | INFO | ✅ 同步成功：表 `canada` ← 1048575 行
2025-11-20 17:03:33,364 | root | INFO |  开始处理文件：Germany.xlsx
2025-11-20 17:03:43,969 | root | INFO | 金额列 'Revenue' 已处理 (Germany.xlsx/Germany)
2025-11-20 17:03:43,986 | root | INFO | ✅ MySQL 连接成功
2025-11-20 17:03:44,192 | root | INFO | ✅ 表 `germany` 已重建 (主键: Key)
2025-11-20 17:03:56,445 | root | INFO | ✅ 同步成功：表 `germany` ← 1048575 行
2025-11-20 17:03:56,545 | root | INFO |  开始处理文件：Nigeria.xlsx
2025-11-20 17:04:08,506 | root | INFO | 金额列 'Revenue' 已处理 (Nigeria.xlsx/Nigeria)
2025-11-20 17:04:08,526 | root | INFO | ✅ MySQL 连接成功
2025-11-20 17:04:08,730 | root | INFO | ✅ 表 `nigeria` 已重建 (主键: Key)
2025-11-20 17:04:21,175 | root | INFO | ✅ 同步成功：表 `nigeria` ← 1048574 行
2025-11-20 17:04:21,283 | root | INFO | ✅ 批量同步完成：共处理 3 个文件，成功同步3 个工作表
2025-11-20 17:05:55,662 | root | INFO |  发现 3个文件：['Canada.csv', 'Germany.xlsx', 'Nigeria.xlsx']
2025-11-20 17:05:55,662 | root | INFO |  开始处理文件：Canada.csv
2025-11-20 17:05:57,091 | root | INFO | 日期列 'Date' 已转换 (Canada.csv)
2025-11-20 17:05:57,779 | root | INFO | 金额列 'Revenue' 已处理 (Canada.csv)
2025-11-20 17:05:57,809 | root | INFO | ✅ MySQL 连接成功
2025-11-20 17:05:58,691 | root | INFO | ✅ 表 `canada` 已重建 (主键: Key)
2025-11-20 17:06:11,837 | root | INFO | ✅ 同步成功：表 `canada` ← 1048575 行
2025-11-20 17:06:11,879 | root | INFO |  开始处理文件：Germany.xlsx
2025-11-20 17:06:22,575 | root | INFO | 金额列 'Revenue' 已处理 (Germany.xlsx/Germany)
2025-11-20 17:06:22,580 | root | INFO | ✅ MySQL 连接成功
2025-11-20 17:06:22,765 | root | INFO | ✅ 表 `germany` 已重建 (主键: Key)
2025-11-20 17:06:34,860 | root | INFO | ✅ 同步成功：表 `germany` ← 1048575 行
2025-11-20 17:06:34,945 | root | INFO |  开始处理文件：Nigeria.xlsx
2025-11-20 17:06:46,432 | root | INFO | 金额列 'Revenue' 已处理 (Nigeria.xlsx/Nigeria)
2025-11-20 17:06:46,447 | root | INFO | ✅ MySQL 连接成功
2025-11-20 17:06:46,621 | root | INFO | ✅ 表 `nigeria` 已重建 (主键: Key)
2025-11-20 17:06:57,908 | root | INFO | ✅ 同步成功：表 `nigeria` ← 1048574 行
2025-11-20 17:06:57,991 | root | INFO | ✅ 批量同步完成：共处理 3 个文件，成功同步3 个工作表
2025-11-20 17:11:41,841 | root | INFO |  发现 3个文件：['Canada.csv', 'Germany.xlsx', 'Nigeria.xlsx']
2025-11-20 17:11:41,841 | root | INFO |  开始处理文件：Canada.csv
2025-11-20 17:11:43,026 | root | INFO | 日期列 'Date' 已转换 (Canada.csv)
2025-11-20 17:11:43,627 | root | INFO | 金额列 'Revenue' 已处理 (Canada.csv)
2025-11-20 17:11:43,674 | root | INFO | ✅ MySQL 连接成功
2025-11-20 17:11:44,373 | root | INFO | ✅ 表 `canada` 已重建 (主键: Key)
2025-11-20 17:11:54,878 | root | INFO | ✅ 同步成功：表 `canada` ← 1048575 行
2025-11-20 17:11:54,917 | root | INFO |  开始处理文件：Germany.xlsx
2025-11-20 17:12:05,493 | root | INFO | 金额列 'Revenue' 已处理 (Germany.xlsx/Germany)
2025-11-20 17:12:05,498 | root | INFO | ✅ MySQL 连接成功
2025-11-20 17:12:05,708 | root | INFO | ✅ 表 `germany` 已重建 (主键: Key)
2025-11-20 17:12:16,405 | root | INFO | ✅ 同步成功：表 `germany` ← 1048575 行
2025-11-20 17:12:16,484 | root | INFO |  开始处理文件：Nigeria.xlsx
2025-11-20 17:12:28,270 | root | INFO | 金额列 'Revenue' 已处理 (Nigeria.xlsx/Nigeria)
2025-11-20 17:12:28,275 | root | INFO | ✅ MySQL 连接成功
2025-11-20 17:12:28,439 | root | INFO | ✅ 表 `nigeria` 已重建 (主键: Key)
2025-11-20 17:12:39,517 | root | INFO | ✅ 同步成功：表 `nigeria` ← 1048574 行
2025-11-20 17:12:39,598 | root | INFO | ✅ 批量同步完成：共处理 3 个文件，成功同步3 个工作表
2025-11-20 17:14:52,164 | root | INFO |  发现 3个文件：['Canada.csv', 'Germany.xlsx', 'Nigeria.xlsx']
2025-11-20 17:14:52,164 | root | INFO |  开始处理文件：Canada.csv
2025-11-20 17:14:53,280 | root | INFO | 日期列 'Date' 已转换 (Canada.csv)
2025-11-20 17:14:53,845 | root | INFO | 金额列 'Revenue' 已处理 (Canada.csv)
2025-11-20 17:14:53,866 | root | INFO | ✅ MySQL 连接成功
2025-11-20 17:14:54,535 | root | INFO | ✅ 表 `canada` 已重建 (主键: Key)
2025-11-20 17:15:05,108 | root | INFO | ✅ 同步成功：表 `canada` ← 1048575 行
2025-11-20 17:15:05,148 | root | INFO |  开始处理文件：Germany.xlsx
2025-11-20 17:15:15,354 | root | INFO | 金额列 'Revenue' 已处理 (Germany.xlsx/Germany)
2025-11-20 17:15:15,379 | root | INFO | ✅ MySQL 连接成功
2025-11-20 17:15:15,556 | root | INFO | ✅ 表 `germany` 已重建 (主键: Key)
2025-11-20 17:15:26,079 | root | INFO | ✅ 同步成功：表 `germany` ← 1048575 行
2025-11-20 17:15:26,153 | root | INFO |  开始处理文件：Nigeria.xlsx
2025-11-20 17:15:37,544 | root | INFO | 金额列 'Revenue' 已处理 (Nigeria.xlsx/Nigeria)
2025-11-20 17:15:37,561 | root | INFO | ✅ MySQL 连接成功
2025-11-20 17:15:37,745 | root | INFO | ✅ 表 `nigeria` 已重建 (主键: Key)
2025-11-20 17:15:48,702 | root | INFO | ✅ 同步成功：表 `nigeria` ← 1048575 行
2025-11-20 17:15:48,782 | root | INFO | ✅ 批量同步完成：共处理 3 个文件，成功同步3 个工作表
2025-11-20 17:16:53,229 | root | INFO |  发现 3个文件：['Canada.csv', 'Germany.xlsx', 'Nigeria.xlsx']
2025-11-20 17:16:53,229 | root | INFO |  开始处理文件：Canada.csv
2025-11-20 17:16:55,074 | root | INFO | 日期列 'Date' 已转换 (Canada.csv)
2025-11-20 17:16:55,662 | root | INFO | 金额列 'Revenue' 已处理 (Canada.csv)
2025-11-20 17:16:55,687 | root | INFO | ✅ MySQL 连接成功
2025-11-20 17:16:56,401 | root | INFO | ✅ 表 `canada` 已重建 (主键: Key)
2025-11-20 17:17:06,696 | root | INFO | ✅ 同步成功：表 `canada` ← 1048575 行
2025-11-20 17:17:06,735 | root | INFO |  开始处理文件：Germany.xlsx
2025-11-20 17:17:17,179 | root | INFO | 金额列 'Revenue' 已处理 (Germany.xlsx/Germany)
2025-11-20 17:17:17,202 | root | INFO | ✅ MySQL 连接成功
2025-11-20 17:17:17,396 | root | INFO | ✅ 表 `germany` 已重建 (主键: Key)
2025-11-20 17:17:27,873 | root | INFO | ✅ 同步成功：表 `germany` ← 1048575 行
2025-11-20 17:17:27,948 | root | INFO |  开始处理文件：Nigeria.xlsx
2025-11-20 17:17:48,961 | root | INFO | 金额列 'Revenue' 已处理 (Nigeria.xlsx/Nigeria)
2025-11-20 17:17:48,981 | root | INFO | ✅ MySQL 连接成功
2025-11-20 17:17:49,294 | root | INFO | ✅ 表 `nigeria` 已重建 (主键: Key)
2025-11-20 17:18:04,787 | root | INFO | ✅ 同步成功：表 `nigeria` ← 1048574 行
2025-11-20 17:18:04,868 | root | INFO | ✅ 批量同步完成：共处理 3 个文件，成功同步3 个工作表
2025-11-20 17:30:58,747 | root | INFO |  发现 3个文件：['Canada.csv', 'Germany.xlsx', 'Nigeria.xlsx']
2025-11-20 17:30:58,747 | root | INFO |  开始处理文件：Canada.csv
2025-11-20 17:30:59,636 | root | INFO | 日期列 'Date' 已转换 (Canada.csv)
2025-11-20 17:30:59,653 | root | INFO | 金额列 'Revenue' 已处理 (Canada.csv)
2025-11-20 17:30:59,684 | root | INFO | ✅ MySQL 连接成功
2025-11-20 17:30:59,754 | root | INFO | ✅ 表 `canada` 已重建 (主键: Key)
2025-11-20 17:31:00,426 | root | INFO | ✅ 同步成功：表 `canada` ← 46104 行
2025-11-20 17:31:00,430 | root | INFO |  开始处理文件：Germany.xlsx
2025-11-20 17:31:10,560 | root | INFO | 金额列 'Revenue' 已处理 (Germany.xlsx/Germany)
2025-11-20 17:31:10,576 | root | INFO | ✅ MySQL 连接成功
2025-11-20 17:31:10,615 | root | INFO | ✅ 表 `germany` 已重建 (主键: Key)
2025-11-20 17:31:12,600 | root | INFO | ✅ 同步成功：表 `germany` ← 137619 行
2025-11-20 17:31:12,623 | root | INFO |  开始处理文件：Nigeria.xlsx
2025-11-20 17:31:24,030 | root | INFO | 金额列 'Revenue' 已处理 (Nigeria.xlsx/Nigeria)
2025-11-20 17:31:24,035 | root | INFO | ✅ MySQL 连接成功
2025-11-20 17:31:24,078 | root | INFO | ✅ 表 `nigeria` 已重建 (主键: Key)
2025-11-20 17:31:27,007 | root | INFO | ✅ 同步成功：表 `nigeria` ← 204904 行
2025-11-20 17:31:27,041 | root | INFO | ✅ 批量同步完成：共处理 3 个文件，成功同步3 个工作表
2025-11-20 17:36:05,911 | root | INFO |  发现 3个文件：['Canada.csv', 'Germany.xlsx', 'Nigeria.xlsx']
2025-11-20 17:36:05,912 | root | INFO |  开始处理文件：Canada.csv
2025-11-20 17:36:06,853 | root | INFO | 日期列 'Date' 已转换 (Canada.csv)
2025-11-20 17:36:06,872 | root | INFO | 金额列 'Revenue' 已处理 (Canada.csv)
2025-11-20 17:36:06,892 | root | INFO | ✅ MySQL 连接成功
2025-11-20 17:36:06,948 | root | INFO | ✅ 表 `canada` 已重建 (主键: Key)
2025-11-20 17:36:07,670 | root | INFO | ✅ 同步成功：表 `canada` ← 46104 行
2025-11-20 17:36:07,673 | root | INFO |  开始处理文件：Germany.xlsx
2025-11-20 17:36:17,979 | root | INFO | 金额列 'Revenue' 已处理 (Germany.xlsx/Germany)
2025-11-20 17:36:18,005 | root | INFO | ✅ MySQL 连接成功
2025-11-20 17:36:18,056 | root | INFO | ✅ 表 `germany` 已重建 (主键: Key)
2025-11-20 17:36:20,007 | root | INFO | ✅ 同步成功：表 `germany` ← 137619 行
2025-11-20 17:36:20,031 | root | INFO |  开始处理文件：Nigeria.xlsx
2025-11-20 17:36:24,698 | root | INFO | 金额列 'Revenue' 已处理 (Nigeria.xlsx/Nigeria)
2025-11-20 17:36:24,719 | root | INFO | ✅ MySQL 连接成功
2025-11-20 17:36:24,771 | root | INFO | ✅ 表 `nigeria` 已重建 (主键: Key)
2025-11-20 17:36:27,695 | root | INFO | ✅ 同步成功：表 `nigeria` ← 204905 行
2025-11-20 17:36:27,717 | root | INFO | ✅ 批量同步完成：共处理 3 个文件，成功同步3 个工作表
2025-11-21 14:19:53,123 | root | INFO |  发现 3个文件：['Canada.csv', 'Germany.xlsx', 'Nigeria.xlsx']
2025-11-21 14:19:53,123 | root | INFO |  开始处理文件：Canada.csv
2025-11-21 14:19:54,245 | root | INFO | 日期列 'Date' 已转换 (Canada.csv)
2025-11-21 14:19:54,266 | root | INFO | 金额列 'Revenue' 已处理 (Canada.csv)
2025-11-21 14:19:54,310 | root | INFO | ✅ MySQL 连接成功
2025-11-21 14:19:54,376 | root | INFO | ✅ 表 `canada` 已重建 (主键: Key)
2025-11-21 14:19:54,604 | root | ERROR | ❌ 同步失败：`canada` - (1264, "Out of range value for column 'Revenue' at row 371")
Traceback (most recent call last):
  File "E:\PycharmProjects\excel_to_mysql\excel_to_mysql.py", line 232, in sync_dataframe_to_table
    cursor.executemany(sql, data)
    ~~~~~~~~~~~~~~~~~~^^^^^^^^^^^
  File "E:\PycharmProjects\excel_to_mysql\.venv\Lib\site-packages\pymysql\cursors.py", line 182, in executemany
    return self._do_execute_many(
           ~~~~~~~~~~~~~~~~~~~~~^
        q_prefix,
        ^^^^^^^^^
    ...<4 lines>...
        self._get_db().encoding,
        ^^^^^^^^^^^^^^^^^^^^^^^^
    )
    ^
  File "E:\PycharmProjects\excel_to_mysql\.venv\Lib\site-packages\pymysql\cursors.py", line 215, in _do_execute_many
    rows += self.execute(sql + postfix)
            ~~~~~~~~~~~~^^^^^^^^^^^^^^^
  File "E:\PycharmProjects\excel_to_mysql\.venv\Lib\site-packages\pymysql\cursors.py", line 153, in execute
    result = self._query(query)
  File "E:\PycharmProjects\excel_to_mysql\.venv\Lib\site-packages\pymysql\cursors.py", line 322, in _query
    conn.query(q)
    ~~~~~~~~~~^^^
  File "E:\PycharmProjects\excel_to_mysql\.venv\Lib\site-packages\pymysql\connections.py", line 575, in query
    self._affected_rows = self._read_query_result(unbuffered=unbuffered)
                          ~~~~~~~~~~~~~~~~~~~~~~~^^^^^^^^^^^^^^^^^^^^^^^
  File "E:\PycharmProjects\excel_to_mysql\.venv\Lib\site-packages\pymysql\connections.py", line 826, in _read_query_result
    result.read()
    ~~~~~~~~~~~^^
  File "E:\PycharmProjects\excel_to_mysql\.venv\Lib\site-packages\pymysql\connections.py", line 1203, in read
    first_packet = self.connection._read_packet()
  File "E:\PycharmProjects\excel_to_mysql\.venv\Lib\site-packages\pymysql\connections.py", line 782, in _read_packet
    packet.raise_for_error()
    ~~~~~~~~~~~~~~~~~~~~~~^^
  File "E:\PycharmProjects\excel_to_mysql\.venv\Lib\site-packages\pymysql\protocol.py", line 219, in raise_for_error
    err.raise_mysql_exception(self._data)
    ~~~~~~~~~~~~~~~~~~~~~~~~~^^^^^^^^^^^^
  File "E:\PycharmProjects\excel_to_mysql\.venv\Lib\site-packages\pymysql\err.py", line 150, in raise_mysql_exception
    raise errorclass(errno, errval)
pymysql.err.DataError: (1264, "Out of range value for column 'Revenue' at row 371")
2025-11-21 14:19:54,654 | root | INFO |  开始处理文件：Germany.xlsx
2025-11-21 14:20:06,901 | root | INFO | 金额列 'Revenue' 已处理 (Germany.xlsx/Germany)
2025-11-21 14:20:06,954 | root | INFO | ✅ MySQL 连接成功
2025-11-21 14:20:06,993 | root | INFO | ✅ 表 `germany` 已重建 (主键: Key)
2025-11-21 14:20:07,442 | root | ERROR | ❌ 同步失败：`germany` - (1264, "Out of range value for column 'Revenue' at row 1312")
Traceback (most recent call last):
  File "E:\PycharmProjects\excel_to_mysql\excel_to_mysql.py", line 232, in sync_dataframe_to_table
    cursor.executemany(sql, data)
    ~~~~~~~~~~~~~~~~~~^^^^^^^^^^^
  File "E:\PycharmProjects\excel_to_mysql\.venv\Lib\site-packages\pymysql\cursors.py", line 182, in executemany
    return self._do_execute_many(
           ~~~~~~~~~~~~~~~~~~~~~^
        q_prefix,
        ^^^^^^^^^
    ...<4 lines>...
        self._get_db().encoding,
        ^^^^^^^^^^^^^^^^^^^^^^^^
    )
    ^
  File "E:\PycharmProjects\excel_to_mysql\.venv\Lib\site-packages\pymysql\cursors.py", line 215, in _do_execute_many
    rows += self.execute(sql + postfix)
            ~~~~~~~~~~~~^^^^^^^^^^^^^^^
  File "E:\PycharmProjects\excel_to_mysql\.venv\Lib\site-packages\pymysql\cursors.py", line 153, in execute
    result = self._query(query)
  File "E:\PycharmProjects\excel_to_mysql\.venv\Lib\site-packages\pymysql\cursors.py", line 322, in _query
    conn.query(q)
    ~~~~~~~~~~^^^
  File "E:\PycharmProjects\excel_to_mysql\.venv\Lib\site-packages\pymysql\connections.py", line 575, in query
    self._affected_rows = self._read_query_result(unbuffered=unbuffered)
                          ~~~~~~~~~~~~~~~~~~~~~~~^^^^^^^^^^^^^^^^^^^^^^^
  File "E:\PycharmProjects\excel_to_mysql\.venv\Lib\site-packages\pymysql\connections.py", line 826, in _read_query_result
    result.read()
    ~~~~~~~~~~~^^
  File "E:\PycharmProjects\excel_to_mysql\.venv\Lib\site-packages\pymysql\connections.py", line 1203, in read
    first_packet = self.connection._read_packet()
  File "E:\PycharmProjects\excel_to_mysql\.venv\Lib\site-packages\pymysql\connections.py", line 782, in _read_packet
    packet.raise_for_error()
    ~~~~~~~~~~~~~~~~~~~~~~^^
  File "E:\PycharmProjects\excel_to_mysql\.venv\Lib\site-packages\pymysql\protocol.py", line 219, in raise_for_error
    err.raise_mysql_exception(self._data)
    ~~~~~~~~~~~~~~~~~~~~~~~~~^^^^^^^^^^^^
  File "E:\PycharmProjects\excel_to_mysql\.venv\Lib\site-packages\pymysql\err.py", line 150, in raise_mysql_exception
    raise errorclass(errno, errval)
pymysql.err.DataError: (1264, "Out of range value for column 'Revenue' at row 1312")
2025-11-21 14:20:07,462 | root | INFO |  开始处理文件：Nigeria.xlsx
2025-11-21 14:20:12,868 | root | INFO | 金额列 'Revenue' 已处理 (Nigeria.xlsx/Nigeria)
2025-11-21 14:20:12,922 | root | INFO | ✅ MySQL 连接成功
2025-11-21 14:20:12,969 | root | INFO | ✅ 表 `nigeria` 已重建 (主键: Key)
2025-11-21 14:20:13,556 | root | ERROR | ❌ 同步失败：`nigeria` - (1264, "Out of range value for column 'Revenue' at row 322")
Traceback (most recent call last):
  File "E:\PycharmProjects\excel_to_mysql\excel_to_mysql.py", line 232, in sync_dataframe_to_table
    cursor.executemany(sql, data)
    ~~~~~~~~~~~~~~~~~~^^^^^^^^^^^
  File "E:\PycharmProjects\excel_to_mysql\.venv\Lib\site-packages\pymysql\cursors.py", line 182, in executemany
    return self._do_execute_many(
           ~~~~~~~~~~~~~~~~~~~~~^
        q_prefix,
        ^^^^^^^^^
    ...<4 lines>...
        self._get_db().encoding,
        ^^^^^^^^^^^^^^^^^^^^^^^^
    )
    ^
  File "E:\PycharmProjects\excel_to_mysql\.venv\Lib\site-packages\pymysql\cursors.py", line 215, in _do_execute_many
    rows += self.execute(sql + postfix)
            ~~~~~~~~~~~~^^^^^^^^^^^^^^^
  File "E:\PycharmProjects\excel_to_mysql\.venv\Lib\site-packages\pymysql\cursors.py", line 153, in execute
    result = self._query(query)
  File "E:\PycharmProjects\excel_to_mysql\.venv\Lib\site-packages\pymysql\cursors.py", line 322, in _query
    conn.query(q)
    ~~~~~~~~~~^^^
  File "E:\PycharmProjects\excel_to_mysql\.venv\Lib\site-packages\pymysql\connections.py", line 575, in query
    self._affected_rows = self._read_query_result(unbuffered=unbuffered)
                          ~~~~~~~~~~~~~~~~~~~~~~~^^^^^^^^^^^^^^^^^^^^^^^
  File "E:\PycharmProjects\excel_to_mysql\.venv\Lib\site-packages\pymysql\connections.py", line 826, in _read_query_result
    result.read()
    ~~~~~~~~~~~^^
  File "E:\PycharmProjects\excel_to_mysql\.venv\Lib\site-packages\pymysql\connections.py", line 1203, in read
    first_packet = self.connection._read_packet()
  File "E:\PycharmProjects\excel_to_mysql\.venv\Lib\site-packages\pymysql\connections.py", line 782, in _read_packet
    packet.raise_for_error()
    ~~~~~~~~~~~~~~~~~~~~~~^^
  File "E:\PycharmProjects\excel_to_mysql\.venv\Lib\site-packages\pymysql\protocol.py", line 219, in raise_for_error
    err.raise_mysql_exception(self._data)
    ~~~~~~~~~~~~~~~~~~~~~~~~~^^^^^^^^^^^^
  File "E:\PycharmProjects\excel_to_mysql\.venv\Lib\site-packages\pymysql\err.py", line 150, in raise_mysql_exception
    raise errorclass(errno, errval)
pymysql.err.DataError: (1264, "Out of range value for column 'Revenue' at row 322")
2025-11-21 14:20:13,579 | root | INFO | ✅ 批量同步完成：共处理 3 个文件，成功同步0 个工作表
2025-11-21 14:24:38,787 | root | INFO |  发现 3个文件：['Canada.csv', 'Germany.xlsx', 'Nigeria.xlsx']
2025-11-21 14:24:38,787 | root | INFO |  开始处理文件：Canada.csv
2025-11-21 14:24:39,923 | root | INFO | 日期列 'Date' 已转换 (Canada.csv)
2025-11-21 14:24:39,950 | root | INFO | 金额列 'Revenue' 已处理 (Canada.csv)
2025-11-21 14:24:39,976 | root | INFO | ✅ MySQL 连接成功
2025-11-21 14:24:40,029 | root | INFO | ✅ 表 `canada` 已重建 (主键: Key)
2025-11-21 14:24:40,968 | root | INFO | ✅ 同步成功：表 `canada` ← 46104 行
2025-11-21 14:24:40,976 | root | INFO |  开始处理文件：Germany.xlsx
2025-11-21 14:24:52,862 | root | INFO | 金额列 'Revenue' 已处理 (Germany.xlsx/Germany)
2025-11-21 14:24:52,915 | root | INFO | ✅ MySQL 连接成功
2025-11-21 14:24:52,955 | root | INFO | ✅ 表 `germany` 已重建 (主键: Key)
2025-11-21 14:24:55,075 | root | INFO | ✅ 同步成功：表 `germany` ← 137619 行
2025-11-21 14:24:55,095 | root | INFO |  开始处理文件：Nigeria.xlsx
2025-11-21 14:25:00,175 | root | INFO | 金额列 'Revenue' 已处理 (Nigeria.xlsx/Nigeria)
2025-11-21 14:25:00,223 | root | INFO | ✅ MySQL 连接成功
2025-11-21 14:25:00,270 | root | INFO | ✅ 表 `nigeria` 已重建 (主键: Key)
2025-11-21 14:25:03,355 | root | INFO | ✅ 同步成功：表 `nigeria` ← 204905 行
2025-11-21 14:25:03,377 | root | INFO | ✅ 批量同步完成：共处理 3 个文件，成功同步3 个工作表
2025-11-21 14:26:58,126 | root | INFO |  发现 3个文件：['Canada.csv', 'Germany.xlsx', 'Nigeria.xlsx']
2025-11-21 14:26:58,126 | root | INFO |  开始处理文件：Canada.csv
2025-11-21 14:26:59,166 | root | INFO | 日期列 'Date' 已转换 (Canada.csv)
2025-11-21 14:26:59,187 | root | INFO | 金额列 'Revenue' 已处理 (Canada.csv)
2025-11-21 14:26:59,209 | root | INFO | ✅ MySQL 连接成功
2025-11-21 14:26:59,255 | root | INFO | ✅ 表 `canada` 已重建 (主键: Key)
2025-11-21 14:27:00,129 | root | INFO | ✅ 同步成功：表 `canada` ← 46104 行
2025-11-21 14:27:00,137 | root | INFO |  开始处理文件：Germany.xlsx
2025-11-21 14:27:11,686 | root | INFO | 金额列 'Revenue' 已处理 (Germany.xlsx/Germany)
2025-11-21 14:27:11,739 | root | INFO | ✅ MySQL 连接成功
2025-11-21 14:27:11,779 | root | INFO | ✅ 表 `germany` 已重建 (主键: Key)
2025-11-21 14:27:13,915 | root | INFO | ✅ 同步成功：表 `germany` ← 137619 行
2025-11-21 14:27:13,936 | root | INFO |  开始处理文件：Nigeria.xlsx
2025-11-21 14:27:19,109 | root | INFO | 金额列 'Revenue' 已处理 (Nigeria.xlsx/Nigeria)
2025-11-21 14:27:19,181 | root | INFO | ✅ MySQL 连接成功
2025-11-21 14:27:19,230 | root | INFO | ✅ 表 `nigeria` 已重建 (主键: Key)
2025-11-21 14:27:22,327 | root | INFO | ✅ 同步成功：表 `nigeria` ← 204905 行
2025-11-21 14:27:22,348 | root | INFO | ✅ 批量同步完成：共处理 3 个文件，成功同步3 个工作表
2025-11-21 14:44:16,509 | root | INFO |  发现 3个文件：['Canada.csv', 'Germany.xlsx', 'Nigeria.xlsx']
2025-11-21 14:44:16,509 | root | INFO |  开始处理文件：Canada.csv
2025-11-21 14:44:16,595 | root | INFO | 日期列 'Date' 已转换 (Canada.csv)
2025-11-21 14:44:16,618 | root | INFO | 金额列 'Revenue' 已处理 (Canada.csv)
2025-11-21 14:44:16,639 | root | INFO | ✅ MySQL 连接成功
2025-11-21 14:44:16,708 | root | INFO | ✅ 表 `canada` 已重建 (主键: Key)
2025-11-21 14:44:17,537 | root | INFO | ✅ 同步成功：表 `canada` ← 46105 行
2025-11-21 14:44:17,541 | root | INFO |  开始处理文件：Germany.xlsx
2025-11-21 14:44:29,329 | root | INFO | 金额列 'Revenue' 已处理 (Germany.xlsx/Germany)
2025-11-21 14:44:29,388 | root | INFO | ✅ MySQL 连接成功
2025-11-21 14:44:29,443 | root | INFO | ✅ 表 `germany` 已重建 (主键: Key)
2025-11-21 14:44:31,523 | root | INFO | ✅ 同步成功：表 `germany` ← 137619 行
2025-11-21 14:44:31,542 | root | INFO |  开始处理文件：Nigeria.xlsx
2025-11-21 14:44:36,567 | root | INFO | 金额列 'Revenue' 已处理 (Nigeria.xlsx/Nigeria)
2025-11-21 14:44:36,627 | root | INFO | ✅ MySQL 连接成功
2025-11-21 14:44:36,691 | root | INFO | ✅ 表 `nigeria` 已重建 (主键: Key)
2025-11-21 14:44:39,729 | root | INFO | ✅ 同步成功：表 `nigeria` ← 204906 行
2025-11-21 14:44:39,752 | root | INFO | ✅ 批量同步完成：共处理 3 个文件，成功同步3 个工作表
2025-11-21 14:46:49,967 | root | INFO |  发现 3个文件：['Canada.csv', 'Germany.xlsx', 'Nigeria.xlsx']
2025-11-21 14:46:49,967 | root | INFO |  开始处理文件：Canada.csv
2025-11-21 14:46:50,054 | root | INFO | 日期列 'Date' 已转换 (Canada.csv)
2025-11-21 14:46:50,076 | root | INFO | 金额列 'Revenue' 已处理 (Canada.csv)
2025-11-21 14:46:50,100 | root | INFO | ✅ MySQL 连接成功
2025-11-21 14:46:50,159 | root | INFO | ✅ 表 `canada` 已重建 (主键: Key)
2025-11-21 14:46:50,996 | root | INFO | ✅ 同步成功：表 `canada` ← 46102 行
2025-11-21 14:46:51,001 | root | INFO |  开始处理文件：Germany.xlsx
2025-11-21 14:47:03,909 | root | INFO | 金额列 'Revenue' 已处理 (Germany.xlsx/Germany)
2025-11-21 14:47:03,970 | root | INFO | ✅ MySQL 连接成功
2025-11-21 14:47:04,016 | root | INFO | ✅ 表 `germany` 已重建 (主键: Key)
2025-11-21 14:47:06,210 | root | INFO | ✅ 同步成功：表 `germany` ← 137619 行
2025-11-21 14:47:06,228 | root | INFO |  开始处理文件：Nigeria.xlsx
2025-11-21 14:47:11,619 | root | INFO | 金额列 'Revenue' 已处理 (Nigeria.xlsx/Nigeria)
2025-11-21 14:47:11,681 | root | INFO | ✅ MySQL 连接成功
2025-11-21 14:47:11,745 | root | INFO | ✅ 表 `nigeria` 已重建 (主键: Key)
2025-11-21 14:47:14,932 | root | INFO | ✅ 同步成功：表 `nigeria` ← 204905 行
2025-11-21 14:47:14,957 | root | INFO | ✅ 批量同步完成：共处理 3 个文件，成功同步3 个工作表
